Starting tileserver-gl-light v5.4.0
Using specified config file from tileserver-config.json
Starting server
Listening at http://[::]:8080/
Startup complete
[0mGET /data/v3.json [32m200[0m 8.462 ms - 14041[0m
[0mGET /data/v3.json [36m304[0m 1.279 ms - -[0m
[0mGET /data/v3.json [36m304[0m 0.785 ms - -[0m
[0mGET /data/v3.json [36m304[0m 1.073 ms - -[0m
[0mGET /data/v3.json [36m304[0m 1.048 ms - -[0m
[0mGET /data/v3.json [36m304[0m 0.971 ms - -[0m
[0mGET /data/v3.json [36m304[0m 0.784 ms - -[0m
[0mGET /data/v3.json [36m304[0m 0.738 ms - -[0m
[0mGET /data/v3.json [36m304[0m 0.934 ms - -[0m
[0mGET /data/v3.json [36m304[0m 1.199 ms - -[0m
[0mGET /data/v3.json [36m304[0m 1.081 ms - -[0m
[0mGET /data/v3.json [36m304[0m 0.844 ms - -[0m
[0mGET /data/v3.json [36m304[0m 0.706 ms - -[0m
[0mGET /data/v3.json [36m304[0m 2.601 ms - -[0m
[0mGET /data/v3.json [36m304[0m 0.995 ms - -[0m
[0mGET /data/v3.json [36m304[0m 0.927 ms - -[0m
[0mGET /data/v3.json [36m304[0m 1.058 ms - -[0m
[0mGET /data/v3.json [36m304[0m 0.782 ms - -[0m
[0mGET /data/v3.json [36m304[0m 0.826 ms - -[0m
[0mGET /data/v3.json [36m304[0m 0.712 ms - -[0m
[0mGET /data/v3.json [36m304[0m 0.624 ms - -[0m
[0mGET /data/v3.json [36m304[0m 0.630 ms - -[0m
[0mGET /data/v3.json [36m304[0m 1.183 ms - -[0m
[0mGET /data/v3.json [36m304[0m 0.702 ms - -[0m
[0mGET /data/v3.json [36m304[0m 0.692 ms - -[0m
[0mGET /data/v3.json [32m200[0m 0.812 ms - 14041[0m
[0mGET /data/v3.json [36m304[0m 1.203 ms - -[0m
[0mGET /data/v3.json [36m304[0m 0.769 ms - -[0m
[0mGET /data/v3.json [36m304[0m 0.655 ms - -[0m
[0mGET /data/v3.json [36m304[0m 1.610 ms - -[0m
[0mGET /data/v3.json [36m304[0m 0.714 ms - -[0m
[0mGET /data/v3.json [36m304[0m 0.982 ms - -[0m
[0mGET /data/v3.json [36m304[0m 0.939 ms - -[0m
[0mGET /data/v3.json [36m304[0m 0.586 ms - -[0m
[0mGET /data/v3.json [36m304[0m 1.119 ms - -[0m
[0mGET /data/v3.json [36m304[0m 0.594 ms - -[0m
[0mGET /health [32m200[0m 1.079 ms - 2[0m
[0mGET /data/v3.json [36m304[0m 0.668 ms - -[0m
[0mGET /data/v3/12/1136/1745.pbf [36m304[0m 14.904 ms - -[0m
[0mGET /data/v3/12/1135/1745.pbf [36m304[0m 16.552 ms - -[0m
[0mGET /data/v3/12/1136/1744.pbf [36m304[0m 19.019 ms - -[0m
[0mGET /data/v3/12/1136/1743.pbf [36m304[0m 20.167 ms - -[0m
[0mGET /data/v3/12/1135/1744.pbf [36m304[0m 27.154 ms - -[0m
[0mGET /data/v3/12/1135/1743.pbf [36m304[0m 28.063 ms - -[0m
[0mGET /data/v3.json [36m304[0m 0.743 ms - -[0m
[0mGET /data/v3.json [36m304[0m 0.592 ms - -[0m
[0mGET /data/v3.json [36m304[0m 0.608 ms - -[0m
[0mGET /data/v3.json [36m304[0m 0.803 ms - -[0m
[0mGET /data/v3.json [36m304[0m 1.061 ms - -[0m
[0mGET /data/v3.json [36m304[0m 0.693 ms - -[0m
[0mGET /data/v3.json [36m304[0m 0.602 ms - -[0m
[0mGET /data/v3.json [36m304[0m 0.883 ms - -[0m
[0mGET /data/v3.json [36m304[0m 0.904 ms - -[0m
[0mGET /data/v3.json [36m304[0m 0.621 ms - -[0m
[0mGET /data/v3.json [36m304[0m 0.857 ms - -[0m
[0mGET /data/v3.json [36m304[0m 0.732 ms - -[0m
[0mGET /data/v3.json [36m304[0m 0.619 ms - -[0m
[0mGET /data/v3.json [36m304[0m 0.979 ms - -[0m
[0mGET /data/v3.json [36m304[0m 0.721 ms - -[0m
[0mGET /data/v3.json [36m304[0m 1.000 ms - -[0m
[0mGET /data/v3.json [36m304[0m 0.774 ms - -[0m
[0mGET /data/v3.json [36m304[0m 1.006 ms - -[0m
[0mGET /data/v3.json [36m304[0m 0.579 ms - -[0m
[0mGET /data/v3.json [36m304[0m 0.601 ms - -[0m
[0mGET /data/v3.json [36m304[0m 0.712 ms - -[0m
[0mGET /data/v3.json [36m304[0m 0.571 ms - -[0m
[0mGET /data/v3.json [36m304[0m 0.567 ms - -[0m
[0mGET /data/v3.json [36m304[0m 0.460 ms - -[0m
[0mGET /data/v3.json [36m304[0m 1.599 ms - -[0m
[0mGET /data/v3.json [36m304[0m 0.617 ms - -[0m
[0mGET /data/v3.json [36m304[0m 0.715 ms - -[0m
[0mGET /data/v3.json [36m304[0m 1.255 ms - -[0m
[0mGET /data/v3.json [36m304[0m 1.049 ms - -[0m
[0mGET /data/v3.json [36m304[0m 0.801 ms - -[0m
[0mGET /data/v3.json [36m304[0m 0.822 ms - -[0m
[0mGET /data/v3.json [36m304[0m 0.601 ms - -[0m
[0mGET /data/v3.json [36m304[0m 0.641 ms - -[0m
[0mGET /data/v3.json [36m304[0m 1.430 ms - -[0m
[0mGET /data/v3.json [36m304[0m 1.063 ms - -[0m
[0mGET /data/v3.json [36m304[0m 0.805 ms - -[0m
[0mGET /data/v3.json [36m304[0m 0.601 ms - -[0m
[0mGET /data/v3.json [36m304[0m 0.789 ms - -[0m
[0mGET /data/v3.json [36m304[0m 0.800 ms - -[0m
[0mGET /data/v3.json [36m304[0m 0.804 ms - -[0m
[0mGET /data/v3.json [36m304[0m 0.802 ms - -[0m
[0mGET /data/v3.json [36m304[0m 0.670 ms - -[0m
[0mGET /data/v3.json [36m304[0m 0.755 ms - -[0m
[0mGET /data/v3.json [36m304[0m 0.625 ms - -[0m
[0mGET /data/v3.json [36m304[0m 0.845 ms - -[0m
[0mGET /data/v3.json [36m304[0m 0.711 ms - -[0m
[0mGET /data/v3.json [36m304[0m 0.602 ms - -[0m
[0mGET /data/v3.json [36m304[0m 0.960 ms - -[0m
[0mGET /data/v3.json [36m304[0m 0.628 ms - -[0m
[0mGET /data/v3.json [36m304[0m 0.906 ms - -[0m
[0mGET /data/v3.json [36m304[0m 1.268 ms - -[0m
[0mGET /data/v3.json [36m304[0m 1.209 ms - -[0m
[0mGET /data/v3.json [36m304[0m 0.758 ms - -[0m
[0mGET /data/v3.json [36m304[0m 0.874 ms - -[0m
[0mGET /data/v3.json [36m304[0m 1.031 ms - -[0m
[0mGET /data/v3.json [36m304[0m 0.954 ms - -[0m
[0mGET /data/v3.json [36m304[0m 0.779 ms - -[0m
[0mGET /data/v3.json [36m304[0m 0.685 ms - -[0m
[0mGET /data/v3.json [36m304[0m 0.817 ms - -[0m
[0mGET /data/v3.json [36m304[0m 0.627 ms - -[0m
[0mGET /data/v3.json [36m304[0m 0.987 ms - -[0m
[0mGET /data/v3.json [36m304[0m 0.753 ms - -[0m
[0mGET /data/v3.json [36m304[0m 0.639 ms - -[0m
[0mGET /data/v3.json [36m304[0m 1.272 ms - -[0m
[0mGET /data/v3.json [36m304[0m 0.590 ms - -[0m
[0mGET /data/v3.json [36m304[0m 1.362 ms - -[0m
[0mGET /data/v3.json [36m304[0m 0.784 ms - -[0m
[0mGET /data/v3.json [36m304[0m 0.810 ms - -[0m
[0mGET /data/v3.json [36m304[0m 0.847 ms - -[0m
[0mGET /data/v3.json [36m304[0m 2.145 ms - -[0m
[0mGET /data/v3.json [36m304[0m 0.700 ms - -[0m
[0mGET /data/v3.json [36m304[0m 0.788 ms - -[0m
[0mGET /data/v3.json [36m304[0m 0.626 ms - -[0m
[0mGET /data/v3.json [36m304[0m 1.026 ms - -[0m
[0mGET /data/v3.json [36m304[0m 1.024 ms - -[0m
[0mGET /data/v3.json [36m304[0m 0.673 ms - -[0m
[0mGET /data/v3.json [36m304[0m 0.769 ms - -[0m
[0mGET /data/v3.json [36m304[0m 0.867 ms - -[0m
[0mGET /data/v3.json [36m304[0m 0.997 ms - -[0m
[0mGET /data/v3.json [36m304[0m 0.655 ms - -[0m
[0mGET /data/v3.json [36m304[0m 0.601 ms - -[0m
[0mGET /data/v3.json [36m304[0m 0.855 ms - -[0m
[0mGET /data/v3.json [36m304[0m 0.768 ms - -[0m
[0mGET /data/v3.json [36m304[0m 0.731 ms - -[0m
[0mGET /data/v3.json [36m304[0m 0.723 ms - -[0m
[0mGET /data/v3.json [36m304[0m 1.028 ms - -[0m
[0mGET /data/v3.json [36m304[0m 0.827 ms - -[0m
[0mGET /data/v3.json [36m304[0m 0.841 ms - -[0m
[0mGET /data/v3.json [36m304[0m 0.723 ms - -[0m
[0mGET /data/v3.json [36m304[0m 1.529 ms - -[0m
[0mGET /data/v3.json [36m304[0m 1.065 ms - -[0m
[0mGET /data/v3.json [36m304[0m 0.934 ms - -[0m
[0mGET /data/v3.json [36m304[0m 0.854 ms - -[0m
[0mGET /data/v3.json [36m304[0m 1.161 ms - -[0m
[0mGET /data/v3.json [36m304[0m 0.954 ms - -[0m
[0mGET /data/v3.json [36m304[0m 0.839 ms - -[0m
[0mGET /data/v3.json [36m304[0m 0.582 ms - -[0m
[0mGET /data/v3.json [36m304[0m 0.659 ms - -[0m
[0mGET /data/v3.json [36m304[0m 1.022 ms - -[0m
[0mGET /data/v3.json [36m304[0m 0.692 ms - -[0m
[0mGET /data/v3.json [36m304[0m 0.721 ms - -[0m
[0mGET /data/v3.json [36m304[0m 1.647 ms - -[0m
[0mGET /data/v3.json [36m304[0m 0.533 ms - -[0m
[0mGET /data/v3.json [36m304[0m 0.839 ms - -[0m
[0mGET /data/v3.json [36m304[0m 0.790 ms - -[0m
[0mGET /data/v3.json [36m304[0m 0.549 ms - -[0m
[0mGET /data/v3.json [36m304[0m 1.087 ms - -[0m
[0mGET /data/v3.json [36m304[0m 0.784 ms - -[0m
[0mGET /data/v3.json [36m304[0m 0.585 ms - -[0m
[0mGET /data/v3.json [36m304[0m 0.671 ms - -[0m
[0mGET /data/v3.json [36m304[0m 1.080 ms - -[0m
[0mGET /data/v3.json [36m304[0m 1.484 ms - -[0m
[0mGET /data/v3.json [36m304[0m 0.522 ms - -[0m
[0mGET /data/v3.json [36m304[0m 0.829 ms - -[0m
[0mGET /data/v3.json [36m304[0m 0.847 ms - -[0m
[0mGET /data/v3.json [36m304[0m 0.528 ms - -[0m
[0mGET /data/v3.json [36m304[0m 0.591 ms - -[0m
[0mGET /data/v3.json [36m304[0m 0.716 ms - -[0m
[0mGET /data/v3.json [36m304[0m 0.917 ms - -[0m
[0mGET /data/v3.json [36m304[0m 0.744 ms - -[0m
[0mGET /data/v3.json [36m304[0m 1.035 ms - -[0m
[0mGET /data/v3.json [32m200[0m 0.713 ms - 14041[0m
[0mGET /data/v3.json [36m304[0m 0.812 ms - -[0m
[0mGET /data/v3.json [36m304[0m 1.446 ms - -[0m
[0mGET /data/v3.json [36m304[0m 0.924 ms - -[0m
[0mGET /data/v3.json [36m304[0m 0.922 ms - -[0m
[0mGET /data/v3.json [36m304[0m 0.658 ms - -[0m
[0mGET /data/v3.json [36m304[0m 0.562 ms - -[0m
[0mGET /data/v3.json [36m304[0m 0.957 ms - -[0m
[0mGET /data/v3.json [36m304[0m 0.767 ms - -[0m
[0mGET /data/v3.json [36m304[0m 0.566 ms - -[0m
[0mGET /data/v3.json [36m304[0m 1.072 ms - -[0m
[0mGET /data/v3.json [36m304[0m 0.651 ms - -[0m
[0mGET /data/v3.json [36m304[0m 1.929 ms - -[0m
[0mGET /data/v3.json [36m304[0m 0.737 ms - -[0m
[0mGET /data/v3.json [36m304[0m 0.573 ms - -[0m
[0mGET /data/v3.json [36m304[0m 0.616 ms - -[0m
[0mGET /data/v3.json [36m304[0m 0.754 ms - -[0m
[0mGET /data/v3.json [36m304[0m 0.704 ms - -[0m
[0mGET /data/v3.json [36m304[0m 0.677 ms - -[0m
[0mGET /data/v3.json [36m304[0m 0.796 ms - -[0m
[0mGET /data/v3.json [36m304[0m 0.581 ms - -[0m
[0mGET /data/v3.json [36m304[0m 0.791 ms - -[0m
[0mGET /data/v3.json [36m304[0m 0.569 ms - -[0m
[0mGET /data/v3.json [36m304[0m 0.529 ms - -[0m
[0mGET /data/v3.json [36m304[0m 0.478 ms - -[0m
[0mGET /data/v3.json [36m304[0m 0.767 ms - -[0m
[0mGET /data/v3.json [36m304[0m 0.581 ms - -[0m
[0mGET /data/v3.json [36m304[0m 0.616 ms - -[0m
[0mGET /data/v3.json [36m304[0m 0.601 ms - -[0m
[0mGET /data/v3.json [36m304[0m 0.972 ms - -[0m
[0mGET /data/v3.json [36m304[0m 0.852 ms - -[0m
[0mGET /data/v3.json [36m304[0m 0.620 ms - -[0m
[0mGET /data/v3.json [36m304[0m 0.636 ms - -[0m
[0mGET /data/v3.json [36m304[0m 0.876 ms - -[0m
[0mGET /data/v3.json [36m304[0m 0.567 ms - -[0m
[0mGET /data/v3.json [36m304[0m 0.609 ms - -[0m
[0mGET /data/v3.json [36m304[0m 0.649 ms - -[0m
[0mGET /data/v3.json [36m304[0m 0.958 ms - -[0m
[0mGET /data/v3.json [36m304[0m 0.866 ms - -[0m
[0mGET /data/v3.json [36m304[0m 0.728 ms - -[0m
[0mGET /data/v3/5/5/12.pbf [32m200[0m 6.087 ms - 62777[0m
[0mGET /data/v3.json [36m304[0m 0.747 ms - -[0m
[0mGET /data/v3.json [36m304[0m 0.924 ms - -[0m
[0mGET /data/v3.json [36m304[0m 0.644 ms - -[0m
[0mGET /data/v3.json [36m304[0m 0.629 ms - -[0m
[0mGET /data/v3.json [36m304[0m 0.928 ms - -[0m
[0mGET /data/v3.json [36m304[0m 0.804 ms - -[0m
[0mGET /data/v3.json [36m304[0m 0.652 ms - -[0m
[0mGET /data/v3.json [36m304[0m 0.590 ms - -[0m
[0mGET /data/v3.json [36m304[0m 0.613 ms - -[0m
[0mGET /data/v3.json [36m304[0m 1.070 ms - -[0m
[0mGET /data/v3.json [36m304[0m 0.606 ms - -[0m
[0mGET /data/v3.json [36m304[0m 0.547 ms - -[0m
[0mGET /data/v3.json [36m304[0m 0.924 ms - -[0m
[0mGET /data/v3.json [36m304[0m 0.922 ms - -[0m
[0mGET /data/v3.json [36m304[0m 0.620 ms - -[0m
[0mGET /data/v3.json [36m304[0m 0.647 ms - -[0m
[0mGET /data/v3.json [36m304[0m 0.597 ms - -[0m
[0mGET /data/v3.json [36m304[0m 1.101 ms - -[0m
[0mGET /data/v3.json [36m304[0m 0.942 ms - -[0m
[0mGET /data/v3.json [36m304[0m 0.863 ms - -[0m
[0mGET /data/v3.json [32m200[0m 0.578 ms - 14041[0m
[0mGET /data/v3.json [36m304[0m 0.604 ms - -[0m
[0mGET /data/v3.json [36m304[0m 0.605 ms - -[0m
[0mGET /data/v3.json [36m304[0m 0.588 ms - -[0m
[0mGET /data/v3.json [36m304[0m 0.696 ms - -[0m
[0mGET /data/v3.json [36m304[0m 0.865 ms - -[0m
[0mGET /data/v3.json [36m304[0m 0.804 ms - -[0m
[0mGET /data/v3.json [36m304[0m 0.563 ms - -[0m
[0mGET /data/v3.json [36m304[0m 0.538 ms - -[0m
[0mGET /data/v3.json [36m304[0m 0.834 ms - -[0m
[0mGET /data/v3.json [36m304[0m 2.503 ms - -[0m
[0mGET /data/v3.json [36m304[0m 0.779 ms - -[0m
[0mGET /data/v3.json [36m304[0m 0.854 ms - -[0m
[0mGET /data/v3.json [36m304[0m 0.869 ms - -[0m
[0mGET /data/v3.json [36m304[0m 1.005 ms - -[0m
[0mGET /data/v3.json [36m304[0m 0.606 ms - -[0m
[0mGET /data/v3.json [32m200[0m 0.482 ms - 14041[0m
[0mGET /data/v3/12/1136/1745.pbf [32m200[0m 0.887 ms - 6468[0m
[0mGET /data/v3/12/1135/1745.pbf [32m200[0m 2.361 ms - 16490[0m
[0mGET /data/v3/12/1136/1744.pbf [32m200[0m 3.713 ms - 27299[0m
[0mGET /data/v3/12/1136/1743.pbf [32m200[0m 3.425 ms - 31333[0m
[0mGET /data/v3/12/1135/1744.pbf [32m200[0m 8.857 ms - 81800[0m
[0mGET /data/v3/12/1135/1743.pbf [32m200[0m 10.702 ms - 99427[0m
[0mGET /data/v3.json [36m304[0m 0.668 ms - -[0m
[0mGET /data/v3.json [36m304[0m 0.600 ms - -[0m
[0mGET /data/v3.json [36m304[0m 1.274 ms - -[0m
[0mGET /data/v3.json [36m304[0m 1.049 ms - -[0m
[0mGET /data/v3.json [36m304[0m 1.153 ms - -[0m
[0mGET /data/v3.json [36m304[0m 0.717 ms - -[0m
[0mGET /data/v3.json [36m304[0m 1.145 ms - -[0m
[0mGET /data/v3.json [36m304[0m 0.580 ms - -[0m
[0mGET /data/v3.json [36m304[0m 0.649 ms - -[0m
[0mGET /data/v3.json [36m304[0m 0.922 ms - -[0m
[0mGET /data/v3.json [36m304[0m 0.750 ms - -[0m
[0mGET /data/v3.json [36m304[0m 0.651 ms - -[0m
[0mGET /data/v3.json [36m304[0m 0.663 ms - -[0m
[0mGET /data/v3.json [36m304[0m 0.660 ms - -[0m
[0mGET /data/v3.json [36m304[0m 1.275 ms - -[0m
[0mGET /data/v3.json [36m304[0m 0.595 ms - -[0m
[0mGET /data/v3.json [36m304[0m 0.803 ms - -[0m
[0mGET /data/v3.json [36m304[0m 0.731 ms - -[0m
[0mGET /data/v3.json [36m304[0m 0.607 ms - -[0m
[0mGET /data/v3.json [36m304[0m 0.712 ms - -[0m
[0mGET /data/v3.json [36m304[0m 0.892 ms - -[0m
[0mGET /data/v3.json [36m304[0m 0.843 ms - -[0m
[0mGET /data/v3.json [36m304[0m 0.644 ms - -[0m
[0mGET /data/v3.json [36m304[0m 0.683 ms - -[0m
[0mGET /data/v3.json [36m304[0m 1.076 ms - -[0m
[0mGET /data/v3.json [36m304[0m 0.923 ms - -[0m
[0mGET /data/v3.json [36m304[0m 0.916 ms - -[0m
[0mGET /data/v3.json [36m304[0m 0.655 ms - -[0m
[0mGET /data/v3.json [36m304[0m 0.788 ms - -[0m
[0mGET /data/v3.json [36m304[0m 0.749 ms - -[0m
[0mGET /data/v3.json [36m304[0m 0.619 ms - -[0m
[0mGET /data/v3.json [36m304[0m 0.825 ms - -[0m
[0mGET /data/v3.json [36m304[0m 0.661 ms - -[0m
[0mGET /data/v3.json [36m304[0m 0.874 ms - -[0m
[0mGET /data/v3.json [36m304[0m 0.917 ms - -[0m
[0mGET /data/v3.json [36m304[0m 0.661 ms - -[0m
[0mGET /data/v3.json [36m304[0m 0.616 ms - -[0m
[0mGET /data/v3.json [36m304[0m 0.641 ms - -[0m
[0mGET /data/v3.json [36m304[0m 0.641 ms - -[0m
[0mGET /data/v3.json [36m304[0m 0.686 ms - -[0m
[0mGET /data/v3.json [36m304[0m 0.729 ms - -[0m
[0mGET /data/v3.json [36m304[0m 0.648 ms - -[0m
[0mGET /data/v3/11/568/872.pbf [32m200[0m 16.625 ms - 11494[0m
[0mGET /data/v3/11/568/871.pbf [32m200[0m 19.371 ms - 21434[0m
[0mGET /data/v3/11/567/872.pbf [32m200[0m 36.113 ms - 58443[0m
[0mGET /data/v3/11/567/871.pbf [32m200[0m 36.446 ms - 62689[0m
[0mGET /data/v3.json [36m304[0m 1.352 ms - -[0m
[0mGET /data/v3.json [36m304[0m 0.783 ms - -[0m
[0mGET /data/v3.json [36m304[0m 0.636 ms - -[0m
[0mGET /data/v3.json [36m304[0m 0.746 ms - -[0m
[0mGET /data/v3.json [36m304[0m 1.085 ms - -[0m
[0mGET /data/v3.json [36m304[0m 0.717 ms - -[0m
[0mGET /data/v3.json [36m304[0m 0.800 ms - -[0m
[0mGET /data/v3.json [36m304[0m 0.930 ms - -[0m
[0mGET /data/v3.json [36m304[0m 1.201 ms - -[0m
[0mGET /data/v3.json [36m304[0m 0.635 ms - -[0m
[0mGET /data/v3.json [36m304[0m 0.872 ms - -[0m
[0mGET /data/v3.json [36m304[0m 1.054 ms - -[0m
[0mGET /data/v3.json [36m304[0m 0.944 ms - -[0m
[0mGET /data/v3.json [36m304[0m 0.573 ms - -[0m
[0mGET /data/v3.json [36m304[0m 0.555 ms - -[0m
[0mGET /data/v3.json [36m304[0m 0.782 ms - -[0m
[0mGET /data/v3.json [36m304[0m 1.101 ms - -[0m
[0mGET /data/v3.json [36m304[0m 1.081 ms - -[0m
[0mGET /data/v3.json [36m304[0m 0.597 ms - -[0m
[0mGET /data/v3.json [36m304[0m 0.883 ms - -[0m
[0mGET /data/v3.json [36m304[0m 0.774 ms - -[0m
[0mGET /data/v3.json [36m304[0m 0.630 ms - -[0m
[0mGET /data/v3.json [36m304[0m 1.355 ms - -[0m
[0mGET /data/v3.json [36m304[0m 0.899 ms - -[0m
[0mGET /data/v3.json [36m304[0m 0.717 ms - -[0m
[0mGET /data/v3.json [36m304[0m 1.107 ms - -[0m
[0mGET /data/v3.json [36m304[0m 0.729 ms - -[0m
[0mGET /data/v3.json [36m304[0m 1.036 ms - -[0m
[0mGET /data/v3.json [36m304[0m 0.990 ms - -[0m
[0mGET /data/v3.json [36m304[0m 0.889 ms - -[0m
[0mGET /data/v3.json [36m304[0m 0.754 ms - -[0m
[0mGET /data/v3.json [36m304[0m 1.473 ms - -[0m
[0mGET /data/v3.json [36m304[0m 0.588 ms - -[0m
[0mGET /data/v3.json [36m304[0m 0.850 ms - -[0m
[0mGET /data/v3.json [36m304[0m 0.719 ms - -[0m
[0mGET /data/v3.json [36m304[0m 0.620 ms - -[0m
[0mGET /data/v3.json [36m304[0m 0.600 ms - -[0m
[0mGET /data/v3.json [36m304[0m 0.806 ms - -[0m
[0mGET /data/v3.json [36m304[0m 0.625 ms - -[0m
[0mGET /data/v3.json [36m304[0m 0.729 ms - -[0m
[0mGET /data/v3.json [36m304[0m 0.642 ms - -[0m
[0mGET /data/v3.json [36m304[0m 0.740 ms - -[0m
[0mGET /data/v3.json [36m304[0m 0.871 ms - -[0m
[0mGET /data/v3.json [36m304[0m 0.657 ms - -[0m
[0mGET /data/v3.json [36m304[0m 1.022 ms - -[0m
[0mGET /data/v3.json [36m304[0m 1.082 ms - -[0m
[0mGET /data/v3.json [36m304[0m 0.732 ms - -[0m
[0mGET /data/v3.json [36m304[0m 0.573 ms - -[0m
[0mGET /data/v3.json [36m304[0m 0.681 ms - -[0m
[0mGET /data/v3.json [36m304[0m 0.752 ms - -[0m
[0mGET /data/v3.json [36m304[0m 0.736 ms - -[0m
[0mGET /data/v3.json [36m304[0m 0.714 ms - -[0m
[0mGET /data/v3.json [36m304[0m 0.744 ms - -[0m
[0mGET / [32m200[0m 20.979 ms - 3076[0m
ERROR: Font not found: /home/karan/Videos/city-map-mapbox-1/fonts/noto-sans/Noto Sans Regular/0-255.pbf, Error: Error: ENOENT: no such file or directory, open '/home/karan/Videos/city-map-mapbox-1/fonts/noto-sans/Noto Sans Regular/0-255.pbf'
Error serving font: Noto Sans Regular/0-255.pbf, Error: Error: Font load error
[0mGET /fonts/Noto%20Sans%20Regular/0-255.pbf [33m400[0m 1.793 ms - 18[0m
